[INFO] Scanning for projects...
[INFO] 
[INFO] ---------------------< com.petconnect:petconnect >----------------------
[INFO] Building PetConnect 0.0.1-SNAPSHOT
[INFO]   from pom.xml
[INFO] --------------------------------[ jar ]---------------------------------
[INFO] 
[INFO] >>> spring-boot:3.4.4:run (default-cli) > test-compile @ petconnect >>>
[INFO] 
[INFO] --- resources:3.3.1:resources (default-resources) @ petconnect ---
[INFO] Copying 1 resource from src\main\resources to target\classes
[INFO] Copying 8 resources from src\main\resources to target\classes
[INFO] 
[INFO] --- compiler:3.13.0:compile (default-compile) @ petconnect ---
[INFO] Nothing to compile - all classes are up to date.
[INFO] 
[INFO] --- resources:3.3.1:testResources (default-testResources) @ petconnect ---
[INFO] Copying 1 resource from src\test\resources to target\test-classes
[INFO] 
[INFO] --- compiler:3.13.0:testCompile (default-testCompile) @ petconnect ---
[INFO] Nothing to compile - all classes are up to date.
[INFO] 
[INFO] <<< spring-boot:3.4.4:run (default-cli) < test-compile @ petconnect <<<
[INFO] 
[INFO] 
[INFO] --- spring-boot:3.4.4:run (default-cli) @ petconnect ---
[INFO] Attaching agents: []
Standard Commons Logging discovery in action with spring-jcl: please remove commons-logging.jar from classpath in order to avoid potential conflicts

  .   ____          _            __ _ _
 /\\ / ___'_ __ _ _(_)_ __  __ _ \ \ \ \
( ( )\___ | '_ | '_| | '_ \/ _` | \ \ \ \
 \\/  ___)| |_)| | | | | || (_| |  ) ) ) )
  '  |____| .__|_| |_|_| |_\__, | / / / /
 =========|_|==============|___/=/_/_/_/

 :: Spring Boot ::                (v3.4.4)

2026-07-18T01:34:05.445+02:00  INFO 36360 --- [petconnect] [           main] com.petconnect.PetconnectApplication     : Starting PetconnectApplication using Java 23.0.2 with PID 36360 (D:\Proyectos\PETS\back\petconnect\target\classes started by Pc in d:\Proyectos\PETS\back\petconnect)
2026-07-18T01:34:05.449+02:00  INFO 36360 --- [petconnect] [           main] com.petconnect.PetconnectApplication     : No active profile set, falling back to 1 default profile: "default"
2026-07-18T01:34:06.894+02:00  INFO 36360 --- [petconnect] [           main] .s.d.r.c.RepositoryConfigurationDelegate : Multiple Spring Data modules found, entering strict repository configuration mode
2026-07-18T01:34:06.896+02:00  INFO 36360 --- [petconnect] [           main] .s.d.r.c.RepositoryConfigurationDelegate : Bootstrapping Spring Data JPA repositories in DEFAULT mode.
2026-07-18T01:34:07.122+02:00  INFO 36360 --- [petconnect] [           main] .s.d.r.c.RepositoryConfigurationDelegate : Finished Spring Data repository scanning in 218 ms. Found 16 JPA repository interfaces.
2026-07-18T01:34:07.136+02:00  INFO 36360 --- [petconnect] [           main] .s.d.r.c.RepositoryConfigurationDelegate : Multiple Spring Data modules found, entering strict repository configuration mode
2026-07-18T01:34:07.138+02:00  INFO 36360 --- [petconnect] [           main] .s.d.r.c.RepositoryConfigurationDelegate : Bootstrapping Spring Data Redis repositories in DEFAULT mode.
2026-07-18T01:34:07.166+02:00  INFO 36360 --- [petconnect] [           main] .RepositoryConfigurationExtensionSupport : Spring Data Redis - Could not safely identify store assignment for repository candidate interface com.petconnect.auth.infrastructure.persistence.SpringDataAuthUserRepository; If you want this repository to be a Redis repository, consider annotating your entities with one of these annotations: org.springframework.data.redis.core.RedisHash (preferred), or consider extending one of the following types with your repository: org.springframework.data.keyvalue.repository.KeyValueRepository
2026-07-18T01:34:07.167+02:00  INFO 36360 --- [petconnect] [           main] .RepositoryConfigurationExtensionSupport : Spring Data Redis - Could not safely identify store assignment for repository candidate interface com.petconnect.home.infrastructure.persistence.SpringDataAchievementRepository; If you want this repository to be a Redis repository, consider annotating your entities with one of these annotations: org.springframework.data.redis.core.RedisHash (preferred), or consider extending one of the following types with your repository: org.springframework.data.keyvalue.repository.KeyValueRepository
2026-07-18T01:34:07.167+02:00  INFO 36360 --- [petconnect] [           main] .RepositoryConfigurationExtensionSupport : Spring Data Redis - Could not safely identify store assignment for repository candidate interface com.petconnect.home.infrastructure.persistence.SpringDataAdoptionRepository; If you want this repository to be a Redis repository, consider annotating your entities with one of these annotations: org.springframework.data.redis.core.RedisHash (preferred), or consider extending one of the following types with your repository: org.springframework.data.keyvalue.repository.KeyValueRepository
2026-07-18T01:34:07.167+02:00  INFO 36360 --- [petconnect] [           main] .RepositoryConfigurationExtensionSupport : Spring Data Redis - Could not safely identify store assignment for repository candidate interface com.petconnect.home.infrastructure.persistence.SpringDataMarketplacePromoRepository; If you want this repository to be a Redis repository, consider annotating your entities with one of these annotations: org.springframework.data.redis.core.RedisHash (preferred), or consider extending one of the following types with your repository: org.springframework.data.keyvalue.repository.KeyValueRepository
2026-07-18T01:34:07.167+02:00  INFO 36360 --- [petconnect] [           main] .RepositoryConfigurationExtensionSupport : Spring Data Redis - Could not safely identify store assignment for repository candidate interface com.petconnect.home.infrastructure.persistence.SpringDataSuggestionRepository; If you want this repository to be a Redis repository, consider annotating your entities with one of these annotations: org.springframework.data.redis.core.RedisHash (preferred), or consider extending one of the following types with your repository: org.springframework.data.keyvalue.repository.KeyValueRepository
2026-07-18T01:34:07.167+02:00  INFO 36360 --- [petconnect] [           main] .RepositoryConfigurationExtensionSupport : Spring Data Redis - Could not safely identify store assignment for repository candidate interface com.petconnect.home.infrastructure.persistence.SpringDataUserLevelRepository; If you want this repository to be a Redis repository, consider annotating your entities with one of these annotations: org.springframework.data.redis.core.RedisHash (preferred), or consider extending one of the following types with your repository: org.springframework.data.keyvalue.repository.KeyValueRepository
2026-07-18T01:34:07.167+02:00  INFO 36360 --- [petconnect] [           main] .RepositoryConfigurationExtensionSupport : Spring Data Redis - Could not safely identify store assignment for repository candidate interface com.petconnect.home.infrastructure.persistence.SpringDataVetServiceRepository; If you want this repository to be a Redis repository, consider annotating your entities with one of these annotations: org.springframework.data.redis.core.RedisHash (preferred), or consider extending one of the following types with your repository: org.springframework.data.keyvalue.repository.KeyValueRepository
2026-07-18T01:34:07.168+02:00  INFO 36360 --- [petconnect] [           main] .RepositoryConfigurationExtensionSupport : Spring Data Redis - Could not safely identify store assignment for repository candidate interface com.petconnect.pets.infrastructure.persistence.SpringDataPetRepository; If you want this repository to be a Redis repository, consider annotating your entities with one of these annotations: org.springframework.data.redis.core.RedisHash (preferred), or consider extending one of the following types with your repository: org.springframework.data.keyvalue.repository.KeyValueRepository
2026-07-18T01:34:07.168+02:00  INFO 36360 --- [petconnect] [           main] .RepositoryConfigurationExtensionSupport : Spring Data Redis - Could not safely identify store assignment for repository candidate interface com.petconnect.social.infrastructure.persistence.SpringDataEventRepository; If you want this repository to be a Redis repository, consider annotating your entities with one of these annotations: org.springframework.data.redis.core.RedisHash (preferred), or consider extending one of the following types with your repository: org.springframework.data.keyvalue.repository.KeyValueRepository
2026-07-18T01:34:07.168+02:00  INFO 36360 --- [petconnect] [           main] .RepositoryConfigurationExtensionSupport : Spring Data Redis - Could not safely identify store assignment for repository candidate interface com.petconnect.social.infrastructure.persistence.SpringDataFollowRepository; If you want this repository to be a Redis repository, consider annotating your entities with one of these annotations: org.springframework.data.redis.core.RedisHash (preferred), or consider extending one of the following types with your repository: org.springframework.data.keyvalue.repository.KeyValueRepository
2026-07-18T01:34:07.168+02:00  INFO 36360 --- [petconnect] [           main] .RepositoryConfigurationExtensionSupport : Spring Data Redis - Could not safely identify store assignment for repository candidate interface com.petconnect.social.infrastructure.persistence.SpringDataGroupRepository; If you want this repository to be a Redis repository, consider annotating your entities with one of these annotations: org.springframework.data.redis.core.RedisHash (preferred), or consider extending one of the following types with your repository: org.springframework.data.keyvalue.repository.KeyValueRepository
2026-07-18T01:34:07.168+02:00  INFO 36360 --- [petconnect] [           main] .RepositoryConfigurationExtensionSupport : Spring Data Redis - Could not safely identify store assignment for repository candidate interface com.petconnect.social.infrastructure.persistence.SpringDataNotificationRepository; If you want this repository to be a Redis repository, consider annotating your entities with one of these annotations: org.springframework.data.redis.core.RedisHash (preferred), or consider extending one of the following types with your repository: org.springframework.data.keyvalue.repository.KeyValueRepository
2026-07-18T01:34:07.169+02:00  INFO 36360 --- [petconnect] [           main] .RepositoryConfigurationExtensionSupport : Spring Data Redis - Could not safely identify store assignment for repository candidate interface com.petconnect.social.infrastructure.persistence.SpringDataPostRepository; If you want this repository to be a Redis repository, consider annotating your entities with one of these annotations: org.springframework.data.redis.core.RedisHash (preferred), or consider extending one of the following types with your repository: org.springframework.data.keyvalue.repository.KeyValueRepository
2026-07-18T01:34:07.169+02:00  INFO 36360 --- [petconnect] [           main] .RepositoryConfigurationExtensionSupport : Spring Data Redis - Could not safely identify store assignment for repository candidate interface com.petconnect.social.infrastructure.persistence.SpringDataStoryRepository; If you want this repository to be a Redis repository, consider annotating your entities with one of these annotations: org.springframework.data.redis.core.RedisHash (preferred), or consider extending one of the following types with your repository: org.springframework.data.keyvalue.repository.KeyValueRepository
2026-07-18T01:34:07.169+02:00  INFO 36360 --- [petconnect] [           main] .RepositoryConfigurationExtensionSupport : Spring Data Redis - Could not safely identify store assignment for repository candidate interface com.petconnect.social.infrastructure.persistence.SpringDataTrendingTopicRepository; If you want this repository to be a Redis repository, consider annotating your entities with one of these annotations: org.springframework.data.redis.core.RedisHash (preferred), or consider extending one of the following types with your repository: org.springframework.data.keyvalue.repository.KeyValueRepository
2026-07-18T01:34:07.169+02:00  INFO 36360 --- [petconnect] [           main] .RepositoryConfigurationExtensionSupport : Spring Data Redis - Could not safely identify store assignment for repository candidate interface com.petconnect.users.infrastructure.persistence.SpringDataUserProfileRepository; If you want this repository to be a Redis repository, consider annotating your entities with one of these annotations: org.springframework.data.redis.core.RedisHash (preferred), or consider extending one of the following types with your repository: org.springframework.data.keyvalue.repository.KeyValueRepository
2026-07-18T01:34:07.169+02:00  INFO 36360 --- [petconnect] [           main] .s.d.r.c.RepositoryConfigurationDelegate : Finished Spring Data repository scanning in 21 ms. Found 0 Redis repository interfaces.
2026-07-18T01:34:08.069+02:00  INFO 36360 --- [petconnect] [           main] o.s.b.w.embedded.tomcat.TomcatWebServer  : Tomcat initialized with port 8080 (http)
2026-07-18T01:34:08.091+02:00  INFO 36360 --- [petconnect] [           main] o.apache.catalina.core.StandardService   : Starting service [Tomcat]
2026-07-18T01:34:08.091+02:00  INFO 36360 --- [petconnect] [           main] o.apache.catalina.core.StandardEngine    : Starting Servlet engine: [Apache Tomcat/10.1.39]
2026-07-18T01:34:08.170+02:00  INFO 36360 --- [petconnect] [           main] o.a.c.c.C.[Tomcat].[localhost].[/]       : Initializing Spring embedded WebApplicationContext
2026-07-18T01:34:08.171+02:00  INFO 36360 --- [petconnect] [           main] w.s.c.ServletWebServerApplicationContext : Root WebApplicationContext: initialization completed in 2664 ms
Standard Commons Logging discovery in action with spring-jcl: please remove commons-logging.jar from classpath in order to avoid potential conflicts
2026-07-18T01:34:08.634+02:00  INFO 36360 --- [petconnect] [           main] com.zaxxer.hikari.HikariDataSource       : HikariPool-1 - Starting...
2026-07-18T01:34:08.833+02:00  INFO 36360 --- [petconnect] [           main] com.zaxxer.hikari.pool.HikariPool        : HikariPool-1 - Added connection org.postgresql.jdbc.PgConnection@36a1fd20
2026-07-18T01:34:08.834+02:00  INFO 36360 --- [petconnect] [           main] com.zaxxer.hikari.HikariDataSource       : HikariPool-1 - Start completed.
2026-07-18T01:34:08.864+02:00  INFO 36360 --- [petconnect] [           main] org.flywaydb.core.FlywayExecutor         : Database: jdbc:postgresql://localhost:5432/petconnect (PostgreSQL 16.14)
2026-07-18T01:34:08.999+02:00  INFO 36360 --- [petconnect] [           main] o.f.core.internal.command.DbValidate     : Successfully validated 8 migrations (execution time 00:00.096s)
2026-07-18T01:34:09.021+02:00  INFO 36360 --- [petconnect] [           main] o.f.core.internal.command.DbMigrate      : Current version of schema "public": 7
2026-07-18T01:34:09.038+02:00  INFO 36360 --- [petconnect] [           main] o.f.core.internal.command.DbMigrate      : Migrating schema "public" to version "8 - add pet images"
2026-07-18T01:34:09.168+02:00  INFO 36360 --- [petconnect] [           main] o.f.core.internal.command.DbMigrate      : Successfully applied 1 migration to schema "public", now at version v8 (execution time 00:00.098s)
2026-07-18T01:34:09.313+02:00  INFO 36360 --- [petconnect] [           main] o.hibernate.jpa.internal.util.LogHelper  : HHH000204: Processing PersistenceUnitInfo [name: default]
2026-07-18T01:34:09.405+02:00  INFO 36360 --- [petconnect] [           main] org.hibernate.Version                    : HHH000412: Hibernate ORM core version 6.6.11.Final
2026-07-18T01:34:09.483+02:00  INFO 36360 --- [petconnect] [           main] o.h.c.internal.RegionFactoryInitiator    : HHH000026: Second-level cache disabled
2026-07-18T01:34:09.779+02:00  INFO 36360 --- [petconnect] [           main] o.s.o.j.p.SpringPersistenceUnitInfo      : No LoadTimeWeaver setup: ignoring JPA class transformer
2026-07-18T01:34:09.840+02:00  WARN 36360 --- [petconnect] [           main] org.hibernate.orm.deprecation            : HHH90000025: PostgreSQLDialect does not need to be specified explicitly using 'hibernate.dialect' (remove the property setting and it will be selected by default)
2026-07-18T01:34:09.855+02:00  INFO 36360 --- [petconnect] [           main] org.hibernate.orm.connections.pooling    : HHH10001005: Database info:
	Database JDBC URL [Connecting through datasource 'HikariDataSource (HikariPool-1)']
	Database driver: undefined/unknown
	Database version: 16.14
	Autocommit mode: undefined/unknown
	Isolation level: undefined/unknown
	Minimum pool size: undefined/unknown
	Maximum pool size: undefined/unknown
2026-07-18T01:34:11.232+02:00  INFO 36360 --- [petconnect] [           main] o.h.e.t.j.p.i.JtaPlatformInitiator       : HHH000489: No JTA platform available (set 'hibernate.transaction.jta.platform' to enable JTA platform integration)
2026-07-18T01:34:11.481+02:00  INFO 36360 --- [petconnect] [           main] j.LocalContainerEntityManagerFactoryBean : Initialized JPA EntityManagerFactory for persistence unit 'default'
2026-07-18T01:34:12.606+02:00  INFO 36360 --- [petconnect] [           main] c.p.s.i.services.CloudinaryService       : Cloudinary service initialized with cloud name: dxjcjee8f
2026-07-18T01:34:13.164+02:00  INFO 36360 --- [petconnect] [           main] eAuthenticationProviderManagerConfigurer : Global AuthenticationManager configured with AuthenticationProvider bean with name authenticationProvider
2026-07-18T01:34:13.164+02:00  WARN 36360 --- [petconnect] [           main] r$InitializeUserDetailsManagerConfigurer : Global AuthenticationManager configured with an AuthenticationProvider bean. UserDetailsService beans will not be used by Spring Security for automatically configuring username/password login. Consider removing the AuthenticationProvider bean. Alternatively, consider using the UserDetailsService in a manually instantiated DaoAuthenticationProvider. If the current configuration is intentional, to turn off this warning, increase the logging level of 'org.springframework.security.config.annotation.authentication.configuration.InitializeUserDetailsBeanManagerConfigurer' to ERROR
2026-07-18T01:34:13.720+02:00  INFO 36360 --- [petconnect] [           main] o.s.b.a.e.web.EndpointLinksResolver      : Exposing 2 endpoints beneath base path '/actuator'
2026-07-18T01:34:14.716+02:00  INFO 36360 --- [petconnect] [           main] o.s.m.s.b.SimpleBrokerMessageHandler     : Starting...
2026-07-18T01:34:14.716+02:00  INFO 36360 --- [petconnect] [           main] o.s.m.s.b.SimpleBrokerMessageHandler     : BrokerAvailabilityEvent[available=true, SimpleBrokerMessageHandler [org.springframework.messaging.simp.broker.DefaultSubscriptionRegistry@654fdde2]]
2026-07-18T01:34:14.717+02:00  INFO 36360 --- [petconnect] [           main] o.s.m.s.b.SimpleBrokerMessageHandler     : Started.
2026-07-18T01:34:14.724+02:00  INFO 36360 --- [petconnect] [           main] o.s.m.s.b.SimpleBrokerMessageHandler     : Stopping...
2026-07-18T01:34:14.724+02:00  INFO 36360 --- [petconnect] [           main] o.s.m.s.b.SimpleBrokerMessageHandler     : BrokerAvailabilityEvent[available=false, SimpleBrokerMessageHandler [org.springframework.messaging.simp.broker.DefaultSubscriptionRegistry@654fdde2]]
2026-07-18T01:34:14.724+02:00  INFO 36360 --- [petconnect] [           main] o.s.m.s.b.SimpleBrokerMessageHandler     : Stopped.
2026-07-18T01:34:14.732+02:00  WARN 36360 --- [petconnect] [           main] ConfigServletWebServerApplicationContext : Exception encountered during context initialization - cancelling refresh attempt: org.springframework.context.ApplicationContextException: Failed to start bean 'webServerStartStop'
2026-07-18T01:34:14.744+02:00  INFO 36360 --- [petconnect] [           main] j.LocalContainerEntityManagerFactoryBean : Closing JPA EntityManagerFactory for persistence unit 'default'
2026-07-18T01:34:14.745+02:00  INFO 36360 --- [petconnect] [           main] com.zaxxer.hikari.HikariDataSource       : HikariPool-1 - Shutdown initiated...
2026-07-18T01:34:14.749+02:00  INFO 36360 --- [petconnect] [           main] com.zaxxer.hikari.HikariDataSource       : HikariPool-1 - Shutdown completed.
2026-07-18T01:34:14.769+02:00  INFO 36360 --- [petconnect] [           main] .s.b.a.l.ConditionEvaluationReportLogger : 

Error starting ApplicationContext. To display the condition evaluation report re-run your application with 'debug' enabled.
2026-07-18T01:34:14.783+02:00 ERROR 36360 --- [petconnect] [           main] o.s.b.d.LoggingFailureAnalysisReporter   : 

***************************
APPLICATION FAILED TO START
***************************

Description:

Web server failed to start. Port 8080 was already in use.

Action:

Identify and stop the process that's listening on port 8080 or configure this application to listen on another port.

[INFO] ------------------------------------------------------------------------
[INFO] BUILD FAILURE
[INFO] ------------------------------------------------------------------------
[INFO] Total time:  14.672 s
[INFO] Finished at: 2026-07-18T01:34:15+02:00
[INFO] ------------------------------------------------------------------------
[ERROR] Failed to execute goal org.springframework.boot:spring-boot-maven-plugin:3.4.4:run (default-cli) on project petconnect: Process terminated with exit code: 1 -> [Help 1]
[ERROR] 
[ERROR] To see the full stack trace of the errors, re-run Maven with the -e switch.
[ERROR] Re-run Maven using the -X switch to enable full debug logging.
[ERROR] 
[ERROR] For more information about the errors and possible solutions, please read the following articles:
[ERROR] [Help 1] http://cwiki.apache.org/confluence/display/MAVEN/MojoExecutionException
